Build started 3/7/2013 8:42:31 PM.
     1>Project "D:\dev\cpp\Assistant Suite\Test_WordAssist\Test_WordAssist\Test_WordAssist.vcxproj" on node 3 (build target(s)).
     1>InitializeBuildStatus:
         Creating "Release_64\Test_WordAssist.unsuccessfulbuild" because "AlwaysCreate" was specified.
       ClCompile:
         D:\Program Files (x86)\Microsoft Visual Studio 10.0\VC\bin\CL.exe /c /I"C:\dev\cpp\Assistant Suite\WordAssist\WordAssist" /Zi /nologo /W3 /WX- /O2 /Oi /Oy- /GL /D WIN32 /D NDEBUG /D _CONSOLE /D _UNICODE /D UNICODE /D _ATL_STATIC_REGISTRY /Gm- /EHa /MD /GS /Gy /fp:precise /Zc:wchar_t /Zc:forScope /Yc"StdAfx.h" /Fp"Release_64\Test_WordAssist.pch" /Fo"Release_64\\" /Fd"Release_64\vc100.pdb" /Gd /TP /analyze- /errorReport:prompt stdafx.cpp /Zm500 
         stdafx.cpp
     1>d:\dev\cpp\assistant suite\test_wordassist\test_wordassist\stdafx.h(95): error C2039: 'FOREACH' : is not a member of 'boost'
     1>d:\dev\cpp\assistant suite\test_wordassist\test_wordassist\stdafx.h(95): error C2871: 'FOREACH' : a namespace with this name does not exist
     1>Done Building Project "D:\dev\cpp\Assistant Suite\Test_WordAssist\Test_WordAssist\Test_WordAssist.vcxproj" (build target(s)) -- FAILED.

Build FAILED.

Time Elapsed 00:00:03.91
